::1 - - [14/Sep/2018:02:53:55 +0000] "GET / HTTP/1.1" 200 411 "-" "Mozilla/5.0 (Windows NT 6.1; Win64; x64) AppleWebKit/537.36 (KHTML, like Gecko) Chrome/69.0.3497.92 Safari/537.36"
::1 - - [14/Sep/2018:02:55:48 +0000] "GET / HTTP/1.1" 304 - "-" "Mozilla/5.0 (Windows NT 6.1; Win64; x64) AppleWebKit/537.36 (KHTML, like Gecko) Chrome/69.0.3497.92 Safari/537.36"
::1 - - [14/Sep/2018:02:58:57 +0000] "GET / HTTP/1.1" 304 - "-" "Mozilla/5.0 (Windows NT 6.1; Win64; x64) AppleWebKit/537.36 (KHTML, like Gecko) Chrome/69.0.3497.92 Safari/537.36"
::1 - - [14/Sep/2018:03:04:22 +0000] "GET / HTTP/1.1" 304 - "-" "Mozilla/5.0 (Windows NT 6.1; Win64; x64) AppleWebKit/537.36 (KHTML, like Gecko) Chrome/69.0.3497.92 Safari/537.36"
::1 - - [14/Sep/2018:03:04:24 +0000] "GET / HTTP/1.1" 304 - "-" "Mozilla/5.0 (Windows NT 6.1; Win64; x64) AppleWebKit/537.36 (KHTML, like Gecko) Chrome/69.0.3497.92 Safari/537.36"
::1 - - [14/Sep/2018:03:04:26 +0000] "GET / HTTP/1.1" 304 - "-" "Mozilla/5.0 (Windows NT 6.1; Win64; x64) AppleWebKit/537.36 (KHTML, like Gecko) Chrome/69.0.3497.92 Safari/537.36"
::1 - - [14/Sep/2018:03:04:30 +0000] "POST /delete HTTP/1.1" 200 47 "http://localhost:4200/category" "Mozilla/5.0 (Windows NT 6.1; Win64; x64) AppleWebKit/537.36 (KHTML, like Gecko) Chrome/69.0.3497.92 Safari/537.36"
::1 - - [14/Sep/2018:03:04:30 +0000] "GET / HTTP/1.1" 200 342 "http://localhost:4200/category" "Mozilla/5.0 (Windows NT 6.1; Win64; x64) AppleWebKit/537.36 (KHTML, like Gecko) Chrome/69.0.3497.92 Safari/537.36"
::1 - - [14/Sep/2018:03:08:53 +0000] "GET / HTTP/1.1" 304 - "http://localhost:4200/category" "Mozilla/5.0 (Windows NT 6.1; Win64; x64) AppleWebKit/537.36 (KHTML, like Gecko) Chrome/69.0.3497.92 Safari/537.36"
::1 - - [14/Sep/2018:03:08:55 +0000] "POST /delete HTTP/1.1" 200 47 "http://localhost:4200/category" "Mozilla/5.0 (Windows NT 6.1; Win64; x64) AppleWebKit/537.36 (KHTML, like Gecko) Chrome/69.0.3497.92 Safari/537.36"
::1 - - [14/Sep/2018:03:08:55 +0000] "GET / HTTP/1.1" 200 273 "http://localhost:4200/category" "Mozilla/5.0 (Windows NT 6.1; Win64; x64) AppleWebKit/537.36 (KHTML, like Gecko) Chrome/69.0.3497.92 Safari/537.36"
::1 - - [14/Sep/2018:03:09:39 +0000] "GET / HTTP/1.1" 304 - "http://localhost:4200/category" "Mozilla/5.0 (Windows NT 6.1; Win64; x64) AppleWebKit/537.36 (KHTML, like Gecko) Chrome/69.0.3497.92 Safari/537.36"
::1 - - [14/Sep/2018:03:09:42 +0000] "GET / HTTP/1.1" 304 - "http://localhost:4200/category" "Mozilla/5.0 (Windows NT 6.1; Win64; x64) AppleWebKit/537.36 (KHTML, like Gecko) Chrome/69.0.3497.92 Safari/537.36"
::1 - - [14/Sep/2018:03:09:44 +0000] "POST /delete HTTP/1.1" 200 48 "http://localhost:4200/category" "Mozilla/5.0 (Windows NT 6.1; Win64; x64) AppleWebKit/537.36 (KHTML, like Gecko) Chrome/69.0.3497.92 Safari/537.36"
::1 - - [14/Sep/2018:03:09:44 +0000] "GET / HTTP/1.1" 200 203 "http://localhost:4200/category" "Mozilla/5.0 (Windows NT 6.1; Win64; x64) AppleWebKit/537.36 (KHTML, like Gecko) Chrome/69.0.3497.92 Safari/537.36"
::1 - - [14/Sep/2018:03:09:49 +0000] "GET / HTTP/1.1" 304 - "-" "Mozilla/5.0 (Windows NT 6.1; Win64; x64) AppleWebKit/537.36 (KHTML, like Gecko) Chrome/69.0.3497.92 Safari/537.36"
::1 - - [14/Sep/2018:03:11:47 +0000] "GET / HTTP/1.1" 304 - "-" "Mozilla/5.0 (Windows NT 6.1; Win64; x64) AppleWebKit/537.36 (KHTML, like Gecko) Chrome/69.0.3497.92 Safari/537.36"
::1 - - [14/Sep/2018:03:12:02 +0000] "GET / HTTP/1.1" 304 - "-" "Mozilla/5.0 (Windows NT 6.1; Win64; x64) AppleWebKit/537.36 (KHTML, like Gecko) Chrome/69.0.3497.92 Safari/537.36"
::1 - - [14/Sep/2018:03:12:07 +0000] "GET / HTTP/1.1" 304 - "http://localhost:4200/category" "Mozilla/5.0 (Windows NT 6.1; Win64; x64) AppleWebKit/537.36 (KHTML, like Gecko) Chrome/69.0.3497.92 Safari/537.36"
::1 - - [14/Sep/2018:03:12:14 +0000] "POST /add HTTP/1.1" 200 43 "http://localhost:4200/category" "Mozilla/5.0 (Windows NT 6.1; Win64; x64) AppleWebKit/537.36 (KHTML, like Gecko) Chrome/69.0.3497.92 Safari/537.36"
::1 - - [14/Sep/2018:03:12:14 +0000] "GET / HTTP/1.1" 200 272 "http://localhost:4200/category" "Mozilla/5.0 (Windows NT 6.1; Win64; x64) AppleWebKit/537.36 (KHTML, like Gecko) Chrome/69.0.3497.92 Safari/537.36"
::1 - - [14/Sep/2018:03:16:34 +0000] "GET / HTTP/1.1" 304 - "-" "Mozilla/5.0 (Windows NT 6.1; Win64; x64) AppleWebKit/537.36 (KHTML, like Gecko) Chrome/69.0.3497.92 Safari/537.36"
::1 - - [14/Sep/2018:03:16:36 +0000] "GET / HTTP/1.1" 304 - "-" "Mozilla/5.0 (Windows NT 6.1; Win64; x64) AppleWebKit/537.36 (KHTML, like Gecko) Chrome/69.0.3497.92 Safari/537.36"
::1 - - [14/Sep/2018:03:17:04 +0000] "GET / HTTP/1.1" 304 - "-" "Mozilla/5.0 (Windows NT 6.1; Win64; x64) AppleWebKit/537.36 (KHTML, like Gecko) Chrome/69.0.3497.92 Safari/537.36"
::1 - - [14/Sep/2018:03:17:09 +0000] "GET / HTTP/1.1" 304 - "http://localhost:4200/category" "Mozilla/5.0 (Windows NT 6.1; Win64; x64) AppleWebKit/537.36 (KHTML, like Gecko) Chrome/69.0.3497.92 Safari/537.36"
::1 - - [14/Sep/2018:03:17:15 +0000] "GET / HTTP/1.1" 304 - "http://localhost:4200/category" "Mozilla/5.0 (Windows NT 6.1; Win64; x64) AppleWebKit/537.36 (KHTML, like Gecko) Chrome/69.0.3497.92 Safari/537.36"
::1 - - [14/Sep/2018:03:20:00 +0000] "GET / HTTP/1.1" 304 - "-" "Mozilla/5.0 (Windows NT 6.1; Win64; x64) AppleWebKit/537.36 (KHTML, like Gecko) Chrome/69.0.3497.92 Safari/537.36"
::1 - - [14/Sep/2018:03:22:03 +0000] "GET / HTTP/1.1" 200 2 "-" "Mozilla/5.0 (Windows NT 6.1; Win64; x64) AppleWebKit/537.36 (KHTML, like Gecko) Chrome/69.0.3497.92 Safari/537.36"
::1 - - [14/Sep/2018:03:23:33 +0000] "GET / HTTP/1.1" - - "-" "Mozilla/5.0 (Windows NT 6.1; Win64; x64) AppleWebKit/537.36 (KHTML, like Gecko) Chrome/69.0.3497.92 Safari/537.36"
::1 - - [14/Sep/2018:03:24:08 +0000] "GET / HTTP/1.1" - - "-" "PostmanRuntime/7.3.0"
::1 - - [14/Sep/2018:03:25:39 +0000] "GET / HTTP/1.1" - - "-" "Mozilla/5.0 (Windows NT 6.1; Win64; x64) AppleWebKit/537.36 (KHTML, like Gecko) Chrome/69.0.3497.92 Safari/537.36"
::1 - - [14/Sep/2018:03:32:52 +0000] "GET / HTTP/1.1" - - "-" "Mozilla/5.0 (Windows NT 6.1; Win64; x64) AppleWebKit/537.36 (KHTML, like Gecko) Chrome/69.0.3497.92 Safari/537.36"
::1 - - [14/Sep/2018:03:40:32 +0000] "GET / HTTP/1.1" - - "-" "Mozilla/5.0 (Windows NT 6.1; Win64; x64) AppleWebKit/537.36 (KHTML, like Gecko) Chrome/69.0.3497.92 Safari/537.36"
::1 - - [14/Sep/2018:03:43:24 +0000] "GET / HTTP/1.1" - - "-" "Mozilla/5.0 (Windows NT 6.1; Win64; x64) AppleWebKit/537.36 (KHTML, like Gecko) Chrome/69.0.3497.92 Safari/537.36"
::1 - - [14/Sep/2018:03:43:26 +0000] "GET / HTTP/1.1" - - "-" "Mozilla/5.0 (Windows NT 6.1; Win64; x64) AppleWebKit/537.36 (KHTML, like Gecko) Chrome/69.0.3497.92 Safari/537.36"
::1 - - [14/Sep/2018:03:47:30 +0000] "GET / HTTP/1.1" 200 272 "-" "Mozilla/5.0 (Windows NT 6.1; Win64; x64) AppleWebKit/537.36 (KHTML, like Gecko) Chrome/69.0.3497.92 Safari/537.36"
::1 - - [14/Sep/2018:03:55:46 +0000] "GET / HTTP/1.1" - - "-" "Mozilla/5.0 (Windows NT 6.1; Win64; x64) AppleWebKit/537.36 (KHTML, like Gecko) Chrome/69.0.3497.92 Safari/537.36"
::1 - - [14/Sep/2018:04:11:06 +0000] "GET / HTTP/1.1" - - "-" "Mozilla/5.0 (Windows NT 6.1; Win64; x64) AppleWebKit/537.36 (KHTML, like Gecko) Chrome/69.0.3497.92 Safari/537.36"
::1 - - [14/Sep/2018:04:12:04 +0000] "GET / HTTP/1.1" - - "-" "Mozilla/5.0 (Windows NT 6.1; Win64; x64) AppleWebKit/537.36 (KHTML, like Gecko) Chrome/69.0.3497.92 Safari/537.36"
::1 - - [14/Sep/2018:04:13:59 +0000] "GET / HTTP/1.1" 500 2289 "-" "Mozilla/5.0 (Windows NT 6.1; Win64; x64) AppleWebKit/537.36 (KHTML, like Gecko) Chrome/69.0.3497.92 Safari/537.36"
::1 - - [14/Sep/2018:04:14:00 +0000] "GET / HTTP/1.1" 500 2289 "-" "Mozilla/5.0 (Windows NT 6.1; Win64; x64) AppleWebKit/537.36 (KHTML, like Gecko) Chrome/69.0.3497.92 Safari/537.36"
::1 - - [14/Sep/2018:04:16:22 +0000] "GET / HTTP/1.1" 500 2293 "-" "Mozilla/5.0 (Windows NT 6.1; Win64; x64) AppleWebKit/537.36 (KHTML, like Gecko) Chrome/69.0.3497.92 Safari/537.36"
::1 - - [14/Sep/2018:04:18:29 +0000] "GET / HTTP/1.1" 500 2293 "-" "Mozilla/5.0 (Windows NT 6.1; Win64; x64) AppleWebKit/537.36 (KHTML, like Gecko) Chrome/69.0.3497.92 Safari/537.36"
::1 - - [14/Sep/2018:04:28:08 +0000] "GET / HTTP/1.1" - - "-" "Mozilla/5.0 (Windows NT 6.1; Win64; x64) AppleWebKit/537.36 (KHTML, like Gecko) Chrome/69.0.3497.92 Safari/537.36"
::1 - - [14/Sep/2018:04:29:17 +0000] "GET / HTTP/1.1" 200 272 "-" "Mozilla/5.0 (Windows NT 6.1; Win64; x64) AppleWebKit/537.36 (KHTML, like Gecko) Chrome/69.0.3497.92 Safari/537.36"
::1 - - [15/Sep/2018:18:58:16 +0000] "GET / HTTP/1.1" 304 - "-" "Mozilla/5.0 (Windows NT 6.1; Win64; x64) AppleWebKit/537.36 (KHTML, like Gecko) Chrome/69.0.3497.92 Safari/537.36"
::1 - - [15/Sep/2018:18:58:16 +0000] "GET /favicon.ico HTTP/1.1" 404 150 "http://localhost:3000/" "Mozilla/5.0 (Windows NT 6.1; Win64; x64) AppleWebKit/537.36 (KHTML, like Gecko) Chrome/69.0.3497.92 Safari/537.36"
::1 - - [15/Sep/2018:19:04:22 +0000] "GET / HTTP/1.1" 304 - "-" "Mozilla/5.0 (Windows NT 6.1; Win64; x64) AppleWebKit/537.36 (KHTML, like Gecko) Chrome/69.0.3497.92 Safari/537.36"
::1 - - [15/Sep/2018:19:15:16 +0000] "GET / HTTP/1.1" 200 272 "-" "PostmanRuntime/7.3.0"
::1 - - [15/Sep/2018:19:16:20 +0000] "POST /add HTTP/1.1" 200 41 "-" "PostmanRuntime/7.3.0"
::1 - - [15/Sep/2018:19:16:39 +0000] "POST /add HTTP/1.1" 300 478 "-" "PostmanRuntime/7.3.0"
::1 - - [15/Sep/2018:19:20:14 +0000] "POST /delete HTTP/1.1" 200 45 "-" "PostmanRuntime/7.3.0"
::1 - - [15/Sep/2018:19:21:14 +0000] "POST /delete HTTP/1.1" 200 45 "-" "PostmanRuntime/7.3.0"
::1 - - [15/Sep/2018:19:21:29 +0000] "GET / HTTP/1.1" 200 205 "-" "Mozilla/5.0 (Windows NT 6.1; Win64; x64) AppleWebKit/537.36 (KHTML, like Gecko) Chrome/69.0.3497.92 Safari/537.36"
::1 - - [15/Sep/2018:19:21:39 +0000] "POST /delete HTTP/1.1" 200 45 "-" "PostmanRuntime/7.3.0"
::1 - - [15/Sep/2018:19:21:44 +0000] "GET / HTTP/1.1" 304 - "-" "Mozilla/5.0 (Windows NT 6.1; Win64; x64) AppleWebKit/537.36 (KHTML, like Gecko) Chrome/69.0.3497.92 Safari/537.36"
::1 - - [15/Sep/2018:19:21:46 +0000] "GET / HTTP/1.1" 304 - "-" "Mozilla/5.0 (Windows NT 6.1; Win64; x64) AppleWebKit/537.36 (KHTML, like Gecko) Chrome/69.0.3497.92 Safari/537.36"
::1 - - [15/Sep/2018:19:21:59 +0000] "POST /delete HTTP/1.1" 200 40 "-" "PostmanRuntime/7.3.0"
::1 - - [15/Sep/2018:19:22:06 +0000] "GET / HTTP/1.1" 304 - "-" "Mozilla/5.0 (Windows NT 6.1; Win64; x64) AppleWebKit/537.36 (KHTML, like Gecko) Chrome/69.0.3497.92 Safari/537.36"
::1 - - [15/Sep/2018:19:22:07 +0000] "GET / HTTP/1.1" 304 - "-" "Mozilla/5.0 (Windows NT 6.1; Win64; x64) AppleWebKit/537.36 (KHTML, like Gecko) Chrome/69.0.3497.92 Safari/537.36"
::1 - - [15/Sep/2018:19:22:45 +0000] "POST /delete HTTP/1.1" 200 40 "-" "PostmanRuntime/7.3.0"
::1 - - [15/Sep/2018:19:22:53 +0000] "POST /delete HTTP/1.1" 200 45 "-" "PostmanRuntime/7.3.0"
::1 - - [15/Sep/2018:19:23:02 +0000] "POST /delete HTTP/1.1" 200 44 "-" "PostmanRuntime/7.3.0"
::1 - - [15/Sep/2018:19:23:07 +0000] "GET / HTTP/1.1" 200 139 "-" "Mozilla/5.0 (Windows NT 6.1; Win64; x64) AppleWebKit/537.36 (KHTML, like Gecko) Chrome/69.0.3497.92 Safari/537.36"
::1 - - [15/Sep/2018:19:23:23 +0000] "POST /add HTTP/1.1" 200 40 "-" "PostmanRuntime/7.3.0"
::1 - - [15/Sep/2018:19:23:29 +0000] "GET / HTTP/1.1" 200 205 "-" "Mozilla/5.0 (Windows NT 6.1; Win64; x64) AppleWebKit/537.36 (KHTML, like Gecko) Chrome/69.0.3497.92 Safari/537.36"
::1 - - [15/Sep/2018:19:23:36 +0000] "POST /add HTTP/1.1" 200 40 "-" "PostmanRuntime/7.3.0"
::1 - - [15/Sep/2018:19:23:42 +0000] "GET / HTTP/1.1" 200 271 "-" "Mozilla/5.0 (Windows NT 6.1; Win64; x64) AppleWebKit/537.36 (KHTML, like Gecko) Chrome/69.0.3497.92 Safari/537.36"
::1 - - [15/Sep/2018:19:24:40 +0000] "POST /add HTTP/1.1" 200 40 "-" "PostmanRuntime/7.3.0"
::1 - - [15/Sep/2018:19:24:57 +0000] "POST /add HTTP/1.1" 200 41 "-" "PostmanRuntime/7.3.0"
::1 - - [15/Sep/2018:19:31:01 +0000] "POST /add HTTP/1.1" 200 41 "-" "PostmanRuntime/7.3.0"
::1 - - [15/Sep/2018:19:32:00 +0000] "GET / HTTP/1.1" 200 471 "-" "Mozilla/5.0 (Windows NT 6.1; Win64; x64) AppleWebKit/537.36 (KHTML, like Gecko) Chrome/69.0.3497.92 Safari/537.36"
::1 - - [15/Sep/2018:19:44:12 +0000] "POST /add HTTP/1.1" 200 40 "-" "PostmanRuntime/7.3.0"
::1 - - [15/Sep/2018:19:47:31 +0000] "POST /add HTTP/1.1" 200 41 "-" "PostmanRuntime/7.3.0"
::1 - - [15/Sep/2018:20:00:31 +0000] "POST /add HTTP/1.1" 200 49 "-" "PostmanRuntime/7.3.0"
::1 - - [15/Sep/2018:20:02:02 +0000] "POST /add HTTP/1.1" 200 41 "-" "PostmanRuntime/7.3.0"
::1 - - [15/Sep/2018:20:03:01 +0000] "POST /add HTTP/1.1" 200 41 "-" "PostmanRuntime/7.3.0"
::1 - - [15/Sep/2018:20:03:28 +0000] "POST /add HTTP/1.1" 200 49 "-" "PostmanRuntime/7.3.0"
::1 - - [15/Sep/2018:20:03:46 +0000] "POST /add HTTP/1.1" 200 41 "-" "PostmanRuntime/7.3.0"
::1 - - [15/Sep/2018:20:04:18 +0000] "POST /add HTTP/1.1" 200 49 "-" "PostmanRuntime/7.3.0"
::1 - - [15/Sep/2018:20:17:30 +0000] "GET / HTTP/1.1" 200 805 "http://localhost:4200/category" "Mozilla/5.0 (Windows NT 6.1; Win64; x64) AppleWebKit/537.36 (KHTML, like Gecko) Chrome/69.0.3497.92 Safari/537.36"
::1 - - [15/Sep/2018:20:17:33 +0000] "POST /delete HTTP/1.1" 200 44 "http://localhost:4200/category" "Mozilla/5.0 (Windows NT 6.1; Win64; x64) AppleWebKit/537.36 (KHTML, like Gecko) Chrome/69.0.3497.92 Safari/537.36"
::1 - - [15/Sep/2018:20:17:33 +0000] "GET / HTTP/1.1" 200 739 "http://localhost:4200/category" "Mozilla/5.0 (Windows NT 6.1; Win64; x64) AppleWebKit/537.36 (KHTML, like Gecko) Chrome/69.0.3497.92 Safari/537.36"
::1 - - [15/Sep/2018:20:17:45 +0000] "POST /delete HTTP/1.1" 200 44 "http://localhost:4200/category" "Mozilla/5.0 (Windows NT 6.1; Win64; x64) AppleWebKit/537.36 (KHTML, like Gecko) Chrome/69.0.3497.92 Safari/537.36"
::1 - - [15/Sep/2018:20:17:45 +0000] "GET / HTTP/1.1" 200 673 "http://localhost:4200/category" "Mozilla/5.0 (Windows NT 6.1; Win64; x64) AppleWebKit/537.36 (KHTML, like Gecko) Chrome/69.0.3497.92 Safari/537.36"
::1 - - [15/Sep/2018:20:17:46 +0000] "POST /delete HTTP/1.1" 200 44 "http://localhost:4200/category" "Mozilla/5.0 (Windows NT 6.1; Win64; x64) AppleWebKit/537.36 (KHTML, like Gecko) Chrome/69.0.3497.92 Safari/537.36"
::1 - - [15/Sep/2018:20:17:46 +0000] "GET / HTTP/1.1" 200 607 "http://localhost:4200/category" "Mozilla/5.0 (Windows NT 6.1; Win64; x64) AppleWebKit/537.36 (KHTML, like Gecko) Chrome/69.0.3497.92 Safari/537.36"
::1 - - [15/Sep/2018:20:17:48 +0000] "POST /delete HTTP/1.1" 200 45 "http://localhost:4200/category" "Mozilla/5.0 (Windows NT 6.1; Win64; x64) AppleWebKit/537.36 (KHTML, like Gecko) Chrome/69.0.3497.92 Safari/537.36"
::1 - - [15/Sep/2018:20:17:48 +0000] "GET / HTTP/1.1" 200 540 "http://localhost:4200/category" "Mozilla/5.0 (Windows NT 6.1; Win64; x64) AppleWebKit/537.36 (KHTML, like Gecko) Chrome/69.0.3497.92 Safari/537.36"
::1 - - [15/Sep/2018:20:17:49 +0000] "POST /delete HTTP/1.1" 200 45 "http://localhost:4200/category" "Mozilla/5.0 (Windows NT 6.1; Win64; x64) AppleWebKit/537.36 (KHTML, like Gecko) Chrome/69.0.3497.92 Safari/537.36"
::1 - - [15/Sep/2018:20:17:49 +0000] "GET / HTTP/1.1" 200 473 "http://localhost:4200/category" "Mozilla/5.0 (Windows NT 6.1; Win64; x64) AppleWebKit/537.36 (KHTML, like Gecko) Chrome/69.0.3497.92 Safari/537.36"
::1 - - [15/Sep/2018:20:17:50 +0000] "POST /delete HTTP/1.1" 200 44 "http://localhost:4200/category" "Mozilla/5.0 (Windows NT 6.1; Win64; x64) AppleWebKit/537.36 (KHTML, like Gecko) Chrome/69.0.3497.92 Safari/537.36"
::1 - - [15/Sep/2018:20:17:50 +0000] "GET / HTTP/1.1" 200 407 "http://localhost:4200/category" "Mozilla/5.0 (Windows NT 6.1; Win64; x64) AppleWebKit/537.36 (KHTML, like Gecko) Chrome/69.0.3497.92 Safari/537.36"
::1 - - [15/Sep/2018:20:17:52 +0000] "POST /delete HTTP/1.1" 200 45 "http://localhost:4200/category" "Mozilla/5.0 (Windows NT 6.1; Win64; x64) AppleWebKit/537.36 (KHTML, like Gecko) Chrome/69.0.3497.92 Safari/537.36"
::1 - - [15/Sep/2018:20:17:52 +0000] "GET / HTTP/1.1" 200 340 "http://localhost:4200/category" "Mozilla/5.0 (Windows NT 6.1; Win64; x64) AppleWebKit/537.36 (KHTML, like Gecko) Chrome/69.0.3497.92 Safari/537.36"
::1 - - [15/Sep/2018:20:17:53 +0000] "POST /delete HTTP/1.1" 200 45 "http://localhost:4200/category" "Mozilla/5.0 (Windows NT 6.1; Win64; x64) AppleWebKit/537.36 (KHTML, like Gecko) Chrome/69.0.3497.92 Safari/537.36"
::1 - - [15/Sep/2018:20:17:53 +0000] "GET / HTTP/1.1" 200 273 "http://localhost:4200/category" "Mozilla/5.0 (Windows NT 6.1; Win64; x64) AppleWebKit/537.36 (KHTML, like Gecko) Chrome/69.0.3497.92 Safari/537.36"
::1 - - [15/Sep/2018:20:17:53 +0000] "POST /delete HTTP/1.1" 200 45 "http://localhost:4200/category" "Mozilla/5.0 (Windows NT 6.1; Win64; x64) AppleWebKit/537.36 (KHTML, like Gecko) Chrome/69.0.3497.92 Safari/537.36"
::1 - - [15/Sep/2018:20:17:53 +0000] "GET / HTTP/1.1" 200 206 "http://localhost:4200/category" "Mozilla/5.0 (Windows NT 6.1; Win64; x64) AppleWebKit/537.36 (KHTML, like Gecko) Chrome/69.0.3497.92 Safari/537.36"
::1 - - [15/Sep/2018:20:17:54 +0000] "POST /delete HTTP/1.1" 200 45 "http://localhost:4200/category" "Mozilla/5.0 (Windows NT 6.1; Win64; x64) AppleWebKit/537.36 (KHTML, like Gecko) Chrome/69.0.3497.92 Safari/537.36"
::1 - - [15/Sep/2018:20:17:54 +0000] "GET / HTTP/1.1" 200 139 "http://localhost:4200/category" "Mozilla/5.0 (Windows NT 6.1; Win64; x64) AppleWebKit/537.36 (KHTML, like Gecko) Chrome/69.0.3497.92 Safari/537.36"
::1 - - [15/Sep/2018:20:18:44 +0000] "POST /add HTTP/1.1" 200 43 "http://localhost:4200/category" "Mozilla/5.0 (Windows NT 6.1; Win64; x64) AppleWebKit/537.36 (KHTML, like Gecko) Chrome/69.0.3497.92 Safari/537.36"
::1 - - [15/Sep/2018:20:18:44 +0000] "GET / HTTP/1.1" 200 208 "http://localhost:4200/category" "Mozilla/5.0 (Windows NT 6.1; Win64; x64) AppleWebKit/537.36 (KHTML, like Gecko) Chrome/69.0.3497.92 Safari/537.36"
::1 - - [15/Sep/2018:20:19:57 +0000] "GET / HTTP/1.1" 304 - "http://localhost:4200/category" "Mozilla/5.0 (Windows NT 6.1; Win64; x64) AppleWebKit/537.36 (KHTML, like Gecko) Chrome/69.0.3497.92 Safari/537.36"
::1 - - [15/Sep/2018:20:22:20 +0000] "POST /add HTTP/1.1" 200 40 "-" "PostmanRuntime/7.3.0"
::1 - - [15/Sep/2018:20:22:45 +0000] "POST /add HTTP/1.1" 200 48 "-" "PostmanRuntime/7.3.0"
::1 - - [15/Sep/2018:20:23:37 +0000] "POST /add HTTP/1.1" 300 189 "-" "PostmanRuntime/7.3.0"
::1 - - [15/Sep/2018:20:27:28 +0000] "POST /add HTTP/1.1" 300 189 "-" "PostmanRuntime/7.3.0"
::1 - - [15/Sep/2018:20:28:21 +0000] "POST /add HTTP/1.1" 300 189 "-" "PostmanRuntime/7.3.0"
::1 - - [15/Sep/2018:20:28:35 +0000] "POST /add HTTP/1.1" 300 189 "-" "PostmanRuntime/7.3.0"
::1 - - [15/Sep/2018:20:40:36 +0000] "POST /add HTTP/1.1" 300 49 "-" "PostmanRuntime/7.3.0"
::1 - - [15/Sep/2018:20:46:47 +0000] "GET / HTTP/1.1" 200 274 "http://localhost:4200/category" "Mozilla/5.0 (Windows NT 6.1; Win64; x64) AppleWebKit/537.36 (KHTML, like Gecko) Chrome/69.0.3497.92 Safari/537.36"
::1 - - [15/Sep/2018:20:46:53 +0000] "POST /delete HTTP/1.1" 200 44 "http://localhost:4200/category" "Mozilla/5.0 (Windows NT 6.1; Win64; x64) AppleWebKit/537.36 (KHTML, like Gecko) Chrome/69.0.3497.92 Safari/537.36"
::1 - - [15/Sep/2018:20:46:53 +0000] "GET / HTTP/1.1" 200 208 "http://localhost:4200/category" "Mozilla/5.0 (Windows NT 6.1; Win64; x64) AppleWebKit/537.36 (KHTML, like Gecko) Chrome/69.0.3497.92 Safari/537.36"
::1 - - [15/Sep/2018:20:46:57 +0000] "POST /add HTTP/1.1" 300 45 "http://localhost:4200/category" "Mozilla/5.0 (Windows NT 6.1; Win64; x64) AppleWebKit/537.36 (KHTML, like Gecko) Chrome/69.0.3497.92 Safari/537.36"
::1 - - [15/Sep/2018:20:47:18 +0000] "POST /add HTTP/1.1" 200 40 "http://localhost:4200/category" "Mozilla/5.0 (Windows NT 6.1; Win64; x64) AppleWebKit/537.36 (KHTML, like Gecko) Chrome/69.0.3497.92 Safari/537.36"
::1 - - [15/Sep/2018:20:47:18 +0000] "GET / HTTP/1.1" 200 274 "http://localhost:4200/category" "Mozilla/5.0 (Windows NT 6.1; Win64; x64) AppleWebKit/537.36 (KHTML, like Gecko) Chrome/69.0.3497.92 Safari/537.36"
::1 - - [15/Sep/2018:20:47:20 +0000] "POST /add HTTP/1.1" 300 49 "http://localhost:4200/category" "Mozilla/5.0 (Windows NT 6.1; Win64; x64) AppleWebKit/537.36 (KHTML, like Gecko) Chrome/69.0.3497.92 Safari/537.36"
::1 - - [15/Sep/2018:20:47:37 +0000] "POST /delete HTTP/1.1" 200 40 "-" "PostmanRuntime/7.3.0"
::1 - - [15/Sep/2018:20:47:53 +0000] "POST /add HTTP/1.1" 300 45 "-" "PostmanRuntime/7.3.0"
::1 - - [15/Sep/2018:20:49:10 +0000] "POST /add HTTP/1.1" 300 - "-" "PostmanRuntime/7.3.0"
::1 - - [15/Sep/2018:20:51:11 +0000] "POST /add HTTP/1.1" 300 53 "-" "PostmanRuntime/7.3.0"
::1 - - [15/Sep/2018:20:57:55 +0000] "POST /add HTTP/1.1" 300 53 "-" "PostmanRuntime/7.3.0"
::1 - - [15/Sep/2018:20:58:16 +0000] "POST /add HTTP/1.1" 300 49 "-" "PostmanRuntime/7.3.0"
::1 - - [15/Sep/2018:20:58:22 +0000] "POST /add HTTP/1.1" 200 41 "-" "PostmanRuntime/7.3.0"
::1 - - [15/Sep/2018:20:58:35 +0000] "GET / HTTP/1.1" 200 341 "-" "PostmanRuntime/7.3.0"
::1 - - [15/Sep/2018:20:58:49 +0000] "POST /delete HTTP/1.1" 200 45 "-" "PostmanRuntime/7.3.0"
::1 - - [15/Sep/2018:21:00:08 +0000] "POST /add HTTP/1.1" 200 41 "-" "PostmanRuntime/7.3.0"
::1 - - [15/Sep/2018:21:00:33 +0000] "POST /add HTTP/1.1" 300 50 "-" "PostmanRuntime/7.3.0"
::1 - - [15/Sep/2018:21:02:24 +0000] "POST /add HTTP/1.1" 300 50 "-" "PostmanRuntime/7.3.0"
::1 - - [15/Sep/2018:21:06:35 +0000] "POST /add HTTP/1.1" 300 53 "-" "PostmanRuntime/7.3.0"
::1 - - [15/Sep/2018:21:07:54 +0000] "POST /add HTTP/1.1" 300 53 "-" "PostmanRuntime/7.3.0"
::1 - - [15/Sep/2018:21:08:31 +0000] "POST /add HTTP/1.1" 300 53 "-" "PostmanRuntime/7.3.0"
::1 - - [15/Sep/2018:21:10:14 +0000] "POST /add HTTP/1.1" 300 53 "-" "PostmanRuntime/7.3.0"
::1 - - [15/Sep/2018:21:12:12 +0000] "POST /add HTTP/1.1" 300 53 "-" "PostmanRuntime/7.3.0"
::1 - - [15/Sep/2018:21:12:50 +0000] "POST /add HTTP/1.1" 300 50 "-" "PostmanRuntime/7.3.0"
::1 - - [15/Sep/2018:21:13:35 +0000] "POST /add HTTP/1.1" 300 50 "-" "PostmanRuntime/7.3.0"
